<?xml version="1.0" encoding="UTF-8"?>
<testsuite name="hm.binkley.basilisk.HelloClientSpec" tests="1" skipped="0" failures="0" errors="0" timestamp="2019-07-03T22:50:41" hostname="boxley.local" time="0.044">
  <properties/>
  <testcase name="should greet the world()" classname="hm.binkley.basilisk.HelloClientSpec" time="0.044"/>
  <system-out><![CDATA[?[36m17:50:41.105?[0;39m ?[1;30m[Test worker]?[0;39m ?[34mINFO ?[0;39m ?[35mi.m.context.env.DefaultEnvironment?[0;39m - Established active environments: [test]
?[36m17:50:41.139?[0;39m ?[1;30m[Test worker]?[0;39m ?[34mINFO ?[0;39m ?[35mcom.zaxxer.hikari.HikariDataSource?[0;39m - HikariPool-2 - Starting...
?[36m17:50:41.141?[0;39m ?[1;30m[Test worker]?[0;39m ?[34mINFO ?[0;39m ?[35mcom.zaxxer.hikari.HikariDataSource?[0;39m - HikariPool-2 - Start completed.
?[36m17:50:41.143?[0;39m ?[1;30m[Test worker]?[0;39m ?[34mINFO ?[0;39m ?[35mo.f.c.i.database.DatabaseFactory?[0;39m - Database: jdbc:h2:mem:default (H2 1.4)
?[36m17:50:41.154?[0;39m ?[1;30m[Test worker]?[0;39m ?[34mINFO ?[0;39m ?[35mo.f.core.internal.command.DbValidate?[0;39m - Successfully validated 1 migration (execution time 00:00.003s)
?[36m17:50:41.157?[0;39m ?[1;30m[Test worker]?[0;39m ?[34mINFO ?[0;39m ?[35mo.f.core.internal.command.DbMigrate?[0;39m - Current version of schema "PUBLIC": 1
?[36m17:50:41.157?[0;39m ?[1;30m[Test worker]?[0;39m ?[34mINFO ?[0;39m ?[35mo.f.core.internal.command.DbMigrate?[0;39m - Schema "PUBLIC" is up to date. No migration necessary.
?[36m17:50:41.359?[0;39m ?[1;30m[Test worker]?[0;39m ?[34mINFO ?[0;39m ?[35mcom.zaxxer.hikari.HikariDataSource?[0;39m - HikariPool-2 - Shutdown initiated...
?[36m17:50:41.365?[0;39m ?[1;30m[Test worker]?[0;39m ?[34mINFO ?[0;39m ?[35mcom.zaxxer.hikari.HikariDataSource?[0;39m - HikariPool-2 - Shutdown completed.
]]></system-out>
  <system-err><![CDATA[]]></system-err>
</testsuite>
